0 info it worked if it ends with ok
1 verbose cli [ '/usr/local/Cellar/node/0.12.7/bin/node',
1 verbose cli   '/usr/local/bin/npm',
1 verbose cli   'install',
1 verbose cli   'zlib' ]
2 info using npm@3.3.12
3 info using node@v5.2.0
4 silly loadCurrentTree Starting
5 silly install loadCurrentTree
6 silly install readLocalPackageData
7 silly fetchPackageMetaData zlib
8 silly fetchNamedPackageData zlib
9 silly mapToRegistry name zlib
10 silly mapToRegistry using default registry
11 silly mapToRegistry registry https://registry.npmjs.org/
12 silly mapToRegistry uri https://registry.npmjs.org/zlib
13 verbose request uri https://registry.npmjs.org/zlib
14 verbose request no auth needed
15 info attempt registry request try #1 at 9:05:32 PM
16 verbose request using bearer token for auth
17 verbose request id 62930f0294b6bb7d
18 http request GET https://registry.npmjs.org/zlib
19 http 200 https://registry.npmjs.org/zlib
20 verbose headers { server: 'CouchDB/1.5.0 (Erlang OTP/R16B03)',
20 verbose headers   etag: '"5ZD8OZO6M8FVHQHJHDOOR2QN9"',
20 verbose headers   'content-type': 'application/json',
20 verbose headers   'cache-control': 'max-age=300',
20 verbose headers   'content-length': '6093',
20 verbose headers   'accept-ranges': 'bytes',
20 verbose headers   date: 'Wed, 30 Dec 2015 02:05:32 GMT',
20 verbose headers   via: '1.1 varnish',
20 verbose headers   connection: 'keep-alive',
20 verbose headers   'x-served-by': 'cache-iad2126-IAD',
20 verbose headers   'x-cache': 'MISS',
20 verbose headers   'x-cache-hits': '0',
20 verbose headers   'x-timer': 'S1451441131.980237,VS0,VE398',
20 verbose headers   vary: 'Accept' }
21 silly get cb [ 200,
21 silly get   { server: 'CouchDB/1.5.0 (Erlang OTP/R16B03)',
21 silly get     etag: '"5ZD8OZO6M8FVHQHJHDOOR2QN9"',
21 silly get     'content-type': 'application/json',
21 silly get     'cache-control': 'max-age=300',
21 silly get     'content-length': '6093',
21 silly get     'accept-ranges': 'bytes',
21 silly get     date: 'Wed, 30 Dec 2015 02:05:32 GMT',
21 silly get     via: '1.1 varnish',
21 silly get     connection: 'keep-alive',
21 silly get     'x-served-by': 'cache-iad2126-IAD',
21 silly get     'x-cache': 'MISS',
21 silly get     'x-cache-hits': '0',
21 silly get     'x-timer': 'S1451441131.980237,VS0,VE398',
21 silly get     vary: 'Accept' } ]
22 verbose get saving zlib to /Users/jasminehsu/.npm/registry.npmjs.org/zlib/.cache.json
23 silly install normalizeTree
24 silly loadCurrentTree Finishing
25 silly loadIdealTree Starting
26 silly install loadIdealTree
27 silly cloneCurrentTree Starting
28 silly install cloneCurrentTreeToIdealTree
29 silly cloneCurrentTree Finishing
30 silly loadShrinkwrap Starting
31 silly install loadShrinkwrap
32 silly loadShrinkwrap Finishing
33 silly loadAllDepsIntoIdealTree Starting
34 silly install loadAllDepsIntoIdealTree
35 silly resolveWithNewModule zlib@1.0.5 checking installable status
36 silly cache add args [ 'zlib', null ]
37 verbose cache add spec zlib
38 silly cache add parsed spec Result {
38 silly cache add   raw: 'zlib',
38 silly cache add   scope: null,
38 silly cache add   name: 'zlib',
38 silly cache add   rawSpec: '',
38 silly cache add   spec: '*',
38 silly cache add   type: 'range' }
39 silly addNamed zlib@*
40 verbose addNamed "*" is a valid semver range for zlib
41 silly addNameRange { name: 'zlib', range: '*', hasData: false }
42 silly mapToRegistry name zlib
43 silly mapToRegistry using default registry
44 silly mapToRegistry registry https://registry.npmjs.org/
45 silly mapToRegistry uri https://registry.npmjs.org/zlib
46 verbose addNameRange registry:https://registry.npmjs.org/zlib not in flight; fetching
47 verbose get https://registry.npmjs.org/zlib not expired, no request
48 silly addNameRange number 2 { name: 'zlib', range: '*', hasData: true }
49 silly addNameRange versions [ 'zlib',
49 silly addNameRange   [ '1.0.0', '1.0.1', '1.0.2', '1.0.3', '1.0.4', '1.0.5' ] ]
50 silly addNamed zlib@1.0.5
51 verbose addNamed "1.0.5" is a plain semver version for zlib
52 silly mapToRegistry name zlib
53 silly mapToRegistry using default registry
54 silly mapToRegistry registry https://registry.npmjs.org/
55 silly mapToRegistry uri https://registry.npmjs.org/zlib
56 verbose addRemoteTarball https://registry.npmjs.org/zlib/-/zlib-1.0.5.tgz not in flight; adding
57 verbose addRemoteTarball [ 'https://registry.npmjs.org/zlib/-/zlib-1.0.5.tgz',
57 verbose addRemoteTarball   '6e7c972fc371c645a6afb03ab14769def114fcc0' ]
58 info retry fetch attempt 1 at 9:05:33 PM
59 info attempt registry request try #1 at 9:05:33 PM
60 http fetch GET https://registry.npmjs.org/zlib/-/zlib-1.0.5.tgz
61 verbose request using bearer token for auth
62 http fetch 200 https://registry.npmjs.org/zlib/-/zlib-1.0.5.tgz
63 silly fetchAndShaCheck shasum 6e7c972fc371c645a6afb03ab14769def114fcc0
64 verbose addTmpTarball /var/folders/tw/x6rlxy054wgdlxtd1w2ylkn40000gn/T/npm-8182-ef62e5f8/registry.npmjs.org/zlib/-/zlib-1.0.5.tgz not in flight; adding
65 verbose addTmpTarball already have metadata; skipping unpack for zlib@1.0.5
66 silly cache afterAdd zlib@1.0.5
67 verbose afterAdd /Users/jasminehsu/.npm/zlib/1.0.5/package/package.json not in flight; writing
68 verbose afterAdd /Users/jasminehsu/.npm/zlib/1.0.5/package/package.json written
69 silly loadAllDepsIntoIdealTree Finishing
70 silly idealTree:prePrune nodeschool
70 silly idealTree:prePrune ├── ansi-regex@2.0.0
70 silly idealTree:prePrune ├── ansi-styles@2.1.0
70 silly idealTree:prePrune ├── asn1@0.2.3
70 silly idealTree:prePrune ├── assert-plus@0.1.5
70 silly idealTree:prePrune ├── async@1.5.0
70 silly idealTree:prePrune ├── aws-sign2@0.6.0
70 silly idealTree:prePrune ├── bindings@1.2.1
70 silly idealTree:prePrune ├─┬ bl@1.0.0
70 silly idealTree:prePrune │ └── readable-stream@2.0.5
70 silly idealTree:prePrune ├── boom@2.10.1
70 silly idealTree:prePrune ├── bufferutil@1.2.1
70 silly idealTree:prePrune ├── caseless@0.11.0
70 silly idealTree:prePrune ├── chalk@1.1.1
70 silly idealTree:prePrune ├── combined-stream@1.0.5
70 silly idealTree:prePrune ├── commander@2.9.0
70 silly idealTree:prePrune ├─┬ concat-stream@1.5.1
70 silly idealTree:prePrune │ └── readable-stream@2.0.5
70 silly idealTree:prePrune ├── core-util-is@1.0.2
70 silly idealTree:prePrune ├── cryptiles@2.0.5
70 silly idealTree:prePrune ├── cssauron@1.2.0
70 silly idealTree:prePrune ├── dashdash@1.10.1
70 silly idealTree:prePrune ├── delayed-stream@1.0.0
70 silly idealTree:prePrune ├── duplexer@0.1.1
70 silly idealTree:prePrune ├─┬ duplexer2@0.1.4
70 silly idealTree:prePrune │ └── readable-stream@2.0.5
70 silly idealTree:prePrune ├─┬ duplexify@3.4.2
70 silly idealTree:prePrune │ └── readable-stream@2.0.5
70 silly idealTree:prePrune ├── ecc-jsbn@0.1.1
70 silly idealTree:prePrune ├── end-of-stream@1.0.0
70 silly idealTree:prePrune ├── escape-string-regexp@1.0.4
70 silly idealTree:prePrune ├── extend@3.0.0
70 silly idealTree:prePrune ├── extsprintf@1.0.2
70 silly idealTree:prePrune ├── forever-agent@0.6.1
70 silly idealTree:prePrune ├── form-data@1.0.0-rc3
70 silly idealTree:prePrune ├── generate-function@2.0.0
70 silly idealTree:prePrune ├── generate-object-property@1.2.0
70 silly idealTree:prePrune ├── graceful-readlink@1.0.1
70 silly idealTree:prePrune ├── har-validator@2.0.3
70 silly idealTree:prePrune ├── has-ansi@2.0.0
70 silly idealTree:prePrune ├── hawk@3.1.2
70 silly idealTree:prePrune ├── hoek@2.16.3
70 silly idealTree:prePrune ├─┬ html-select@2.3.24
70 silly idealTree:prePrune │ ├── duplexer2@0.0.2
70 silly idealTree:prePrune │ ├── minimist@0.0.10
70 silly idealTree:prePrune │ ├── split@0.3.3
70 silly idealTree:prePrune │ ├── through2@1.1.1
70 silly idealTree:prePrune │ └── xtend@4.0.1
70 silly idealTree:prePrune ├─┬ html-tokenize@1.2.5
70 silly idealTree:prePrune │ ├── minimist@0.0.10
70 silly idealTree:prePrune │ ├── readable-stream@1.0.33
70 silly idealTree:prePrune │ ├── through2@0.4.2
70 silly idealTree:prePrune │ └── xtend@2.1.2
70 silly idealTree:prePrune ├── http-signature@1.1.0
70 silly idealTree:prePrune ├── indexof@0.0.1
70 silly idealTree:prePrune ├── inherits@2.0.1
70 silly idealTree:prePrune ├─┬ is-my-json-valid@2.12.3
70 silly idealTree:prePrune │ └── xtend@4.0.1
70 silly idealTree:prePrune ├── is-property@1.0.2
70 silly idealTree:prePrune ├── is-typedarray@1.0.0
70 silly idealTree:prePrune ├── isarray@0.0.1
70 silly idealTree:prePrune ├── isstream@0.1.2
70 silly idealTree:prePrune ├── jodid25519@1.0.2
70 silly idealTree:prePrune ├── jsbn@0.1.0
70 silly idealTree:prePrune ├── json-schema@0.2.2
70 silly idealTree:prePrune ├── json-stringify-safe@5.0.1
70 silly idealTree:prePrune ├── jsonpointer@2.0.0
70 silly idealTree:prePrune ├── jsprim@1.2.2
70 silly idealTree:prePrune ├── mime-db@1.20.0
70 silly idealTree:prePrune ├── mime-types@2.1.8
70 silly idealTree:prePrune ├── nan@2.1.0
70 silly idealTree:prePrune ├── node-uuid@1.4.7
70 silly idealTree:prePrune ├── oauth-sign@0.8.0
70 silly idealTree:prePrune ├── object-keys@0.4.0
70 silly idealTree:prePrune ├── once@1.3.3
70 silly idealTree:prePrune ├── options@0.0.6
70 silly idealTree:prePrune ├── pinkie-promise@2.0.0
70 silly idealTree:prePrune ├── pinkie@2.0.1
70 silly idealTree:prePrune ├── process-nextick-args@1.0.6
70 silly idealTree:prePrune ├── qs@5.2.0
70 silly idealTree:prePrune ├── readable-stream@1.1.13
70 silly idealTree:prePrune ├── readable-wrap@1.0.0
70 silly idealTree:prePrune ├── request@2.67.0
70 silly idealTree:prePrune ├── sntp@1.0.9
70 silly idealTree:prePrune ├── split@1.0.0
70 silly idealTree:prePrune ├─┬ sshpk@1.7.1
70 silly idealTree:prePrune │ └── assert-plus@0.2.0
70 silly idealTree:prePrune ├── stream-combiner@0.2.2
70 silly idealTree:prePrune ├─┬ stream-splicer@1.3.2
70 silly idealTree:prePrune │ ├── through2@1.1.1
70 silly idealTree:prePrune │ └── xtend@4.0.1
70 silly idealTree:prePrune ├── string_decoder@0.10.31
70 silly idealTree:prePrune ├── stringstream@0.0.5
70 silly idealTree:prePrune ├── strip-ansi@3.0.0
70 silly idealTree:prePrune ├── supports-color@2.0.0
70 silly idealTree:prePrune ├── through@2.3.8
70 silly idealTree:prePrune ├─┬ through2-map@2.0.0
70 silly idealTree:prePrune │ ├─┬ through2@2.0.0
70 silly idealTree:prePrune │ │ └─┬ readable-stream@2.0.5
70 silly idealTree:prePrune │ │   ├── core-util-is@1.0.2
70 silly idealTree:prePrune │ │   ├── inherits@2.0.1
70 silly idealTree:prePrune │ │   ├── isarray@0.0.1
70 silly idealTree:prePrune │ │   ├── process-nextick-args@1.0.6
70 silly idealTree:prePrune │ │   ├── string_decoder@0.10.31
70 silly idealTree:prePrune │ │   └── util-deprecate@1.0.2
70 silly idealTree:prePrune │ └── xtend@4.0.1
70 silly idealTree:prePrune ├─┬ through2@2.0.0
70 silly idealTree:prePrune │ ├── readable-stream@2.0.5
70 silly idealTree:prePrune │ └── xtend@4.0.1
70 silly idealTree:prePrune ├── tough-cookie@2.2.1
70 silly idealTree:prePrune ├─┬ trumpet@1.7.2
70 silly idealTree:prePrune │ ├── duplexer2@0.0.2
70 silly idealTree:prePrune │ ├── through2@1.1.1
70 silly idealTree:prePrune │ └── xtend@4.0.1
70 silly idealTree:prePrune ├── tunnel-agent@0.4.2
70 silly idealTree:prePrune ├── tweetnacl@0.13.2
70 silly idealTree:prePrune ├── typedarray@0.0.6
70 silly idealTree:prePrune ├── ultron@1.0.2
70 silly idealTree:prePrune ├── util-deprecate@1.0.2
70 silly idealTree:prePrune ├── verror@1.3.6
70 silly idealTree:prePrune ├─┬ websocket-stream@2.3.0
70 silly idealTree:prePrune │ └── xtend@4.0.1
70 silly idealTree:prePrune ├── wrappy@1.0.1
70 silly idealTree:prePrune ├─┬ ws@0.8.1
70 silly idealTree:prePrune │ └── utf-8-validate@1.2.1
70 silly idealTree:prePrune └── zlib@1.0.5
71 silly loadIdealTree Finishing
72 silly currentTree nodeschool
72 silly currentTree ├── ansi-regex@2.0.0
72 silly currentTree ├── ansi-styles@2.1.0
72 silly currentTree ├── asn1@0.2.3
72 silly currentTree ├── assert-plus@0.1.5
72 silly currentTree ├── async@1.5.0
72 silly currentTree ├── aws-sign2@0.6.0
72 silly currentTree ├── bindings@1.2.1
72 silly currentTree ├─┬ bl@1.0.0
72 silly currentTree │ └── readable-stream@2.0.5
72 silly currentTree ├── boom@2.10.1
72 silly currentTree ├── bufferutil@1.2.1
72 silly currentTree ├── caseless@0.11.0
72 silly currentTree ├── chalk@1.1.1
72 silly currentTree ├── combined-stream@1.0.5
72 silly currentTree ├── commander@2.9.0
72 silly currentTree ├─┬ concat-stream@1.5.1
72 silly currentTree │ └── readable-stream@2.0.5
72 silly currentTree ├── core-util-is@1.0.2
72 silly currentTree ├── cryptiles@2.0.5
72 silly currentTree ├── cssauron@1.2.0
72 silly currentTree ├── dashdash@1.10.1
72 silly currentTree ├── delayed-stream@1.0.0
72 silly currentTree ├── duplexer@0.1.1
72 silly currentTree ├─┬ duplexer2@0.1.4
72 silly currentTree │ └── readable-stream@2.0.5
72 silly currentTree ├─┬ duplexify@3.4.2
72 silly currentTree │ └── readable-stream@2.0.5
72 silly currentTree ├── ecc-jsbn@0.1.1
72 silly currentTree ├── end-of-stream@1.0.0
72 silly currentTree ├── escape-string-regexp@1.0.4
72 silly currentTree ├── extend@3.0.0
72 silly currentTree ├── extsprintf@1.0.2
72 silly currentTree ├── forever-agent@0.6.1
72 silly currentTree ├── form-data@1.0.0-rc3
72 silly currentTree ├── generate-function@2.0.0
72 silly currentTree ├── generate-object-property@1.2.0
72 silly currentTree ├── graceful-readlink@1.0.1
72 silly currentTree ├── har-validator@2.0.3
72 silly currentTree ├── has-ansi@2.0.0
72 silly currentTree ├── hawk@3.1.2
72 silly currentTree ├── hoek@2.16.3
72 silly currentTree ├─┬ html-select@2.3.24
72 silly currentTree │ ├── duplexer2@0.0.2
72 silly currentTree │ ├── minimist@0.0.10
72 silly currentTree │ ├── split@0.3.3
72 silly currentTree │ ├── through2@1.1.1
72 silly currentTree │ └── xtend@4.0.1
72 silly currentTree ├─┬ html-tokenize@1.2.5
72 silly currentTree │ ├── minimist@0.0.10
72 silly currentTree │ ├── readable-stream@1.0.33
72 silly currentTree │ ├── through2@0.4.2
72 silly currentTree │ └── xtend@2.1.2
72 silly currentTree ├── http-signature@1.1.0
72 silly currentTree ├── indexof@0.0.1
72 silly currentTree ├── inherits@2.0.1
72 silly currentTree ├─┬ is-my-json-valid@2.12.3
72 silly currentTree │ └── xtend@4.0.1
72 silly currentTree ├── is-property@1.0.2
72 silly currentTree ├── is-typedarray@1.0.0
72 silly currentTree ├── isarray@0.0.1
72 silly currentTree ├── isstream@0.1.2
72 silly currentTree ├── jodid25519@1.0.2
72 silly currentTree ├── jsbn@0.1.0
72 silly currentTree ├── json-schema@0.2.2
72 silly currentTree ├── json-stringify-safe@5.0.1
72 silly currentTree ├── jsonpointer@2.0.0
72 silly currentTree ├── jsprim@1.2.2
72 silly currentTree ├── mime-db@1.20.0
72 silly currentTree ├── mime-types@2.1.8
72 silly currentTree ├── nan@2.1.0
72 silly currentTree ├── node-uuid@1.4.7
72 silly currentTree ├── oauth-sign@0.8.0
72 silly currentTree ├── object-keys@0.4.0
72 silly currentTree ├── once@1.3.3
72 silly currentTree ├── options@0.0.6
72 silly currentTree ├── pinkie-promise@2.0.0
72 silly currentTree ├── pinkie@2.0.1
72 silly currentTree ├── process-nextick-args@1.0.6
72 silly currentTree ├── qs@5.2.0
72 silly currentTree ├── readable-stream@1.1.13
72 silly currentTree ├── readable-wrap@1.0.0
72 silly currentTree ├── request@2.67.0
72 silly currentTree ├── sntp@1.0.9
72 silly currentTree ├── split@1.0.0
72 silly currentTree ├─┬ sshpk@1.7.1
72 silly currentTree │ └── assert-plus@0.2.0
72 silly currentTree ├── stream-combiner@0.2.2
72 silly currentTree ├─┬ stream-splicer@1.3.2
72 silly currentTree │ ├── through2@1.1.1
72 silly currentTree │ └── xtend@4.0.1
72 silly currentTree ├── string_decoder@0.10.31
72 silly currentTree ├── stringstream@0.0.5
72 silly currentTree ├── strip-ansi@3.0.0
72 silly currentTree ├── supports-color@2.0.0
72 silly currentTree ├── through@2.3.8
72 silly currentTree ├─┬ through2-map@2.0.0
72 silly currentTree │ ├─┬ through2@2.0.0
72 silly currentTree │ │ └─┬ readable-stream@2.0.5
72 silly currentTree │ │   ├── core-util-is@1.0.2
72 silly currentTree │ │   ├── inherits@2.0.1
72 silly currentTree │ │   ├── isarray@0.0.1
72 silly currentTree │ │   ├── process-nextick-args@1.0.6
72 silly currentTree │ │   ├── string_decoder@0.10.31
72 silly currentTree │ │   └── util-deprecate@1.0.2
72 silly currentTree │ └── xtend@4.0.1
72 silly currentTree ├─┬ through2@2.0.0
72 silly currentTree │ ├── readable-stream@2.0.5
72 silly currentTree │ └── xtend@4.0.1
72 silly currentTree ├── tough-cookie@2.2.1
72 silly currentTree ├─┬ trumpet@1.7.2
72 silly currentTree │ ├── duplexer2@0.0.2
72 silly currentTree │ ├── through2@1.1.1
72 silly currentTree │ └── xtend@4.0.1
72 silly currentTree ├── tunnel-agent@0.4.2
72 silly currentTree ├── tweetnacl@0.13.2
72 silly currentTree ├── typedarray@0.0.6
72 silly currentTree ├── ultron@1.0.2
72 silly currentTree ├── util-deprecate@1.0.2
72 silly currentTree ├── verror@1.3.6
72 silly currentTree ├─┬ websocket-stream@2.3.0
72 silly currentTree │ └── xtend@4.0.1
72 silly currentTree ├── wrappy@1.0.1
72 silly currentTree └─┬ ws@0.8.1
72 silly currentTree   └── utf-8-validate@1.2.1
73 silly idealTree nodeschool
73 silly idealTree ├── ansi-regex@2.0.0
73 silly idealTree ├── ansi-styles@2.1.0
73 silly idealTree ├── asn1@0.2.3
73 silly idealTree ├── assert-plus@0.1.5
73 silly idealTree ├── async@1.5.0
73 silly idealTree ├── aws-sign2@0.6.0
73 silly idealTree ├── bindings@1.2.1
73 silly idealTree ├─┬ bl@1.0.0
73 silly idealTree │ └── readable-stream@2.0.5
73 silly idealTree ├── boom@2.10.1
73 silly idealTree ├── bufferutil@1.2.1
73 silly idealTree ├── caseless@0.11.0
73 silly idealTree ├── chalk@1.1.1
73 silly idealTree ├── combined-stream@1.0.5
73 silly idealTree ├── commander@2.9.0
73 silly idealTree ├─┬ concat-stream@1.5.1
73 silly idealTree │ └── readable-stream@2.0.5
73 silly idealTree ├── core-util-is@1.0.2
73 silly idealTree ├── cryptiles@2.0.5
73 silly idealTree ├── cssauron@1.2.0
73 silly idealTree ├── dashdash@1.10.1
73 silly idealTree ├── delayed-stream@1.0.0
73 silly idealTree ├── duplexer@0.1.1
73 silly idealTree ├─┬ duplexer2@0.1.4
73 silly idealTree │ └── readable-stream@2.0.5
73 silly idealTree ├─┬ duplexify@3.4.2
73 silly idealTree │ └── readable-stream@2.0.5
73 silly idealTree ├── ecc-jsbn@0.1.1
73 silly idealTree ├── end-of-stream@1.0.0
73 silly idealTree ├── escape-string-regexp@1.0.4
73 silly idealTree ├── extend@3.0.0
73 silly idealTree ├── extsprintf@1.0.2
73 silly idealTree ├── forever-agent@0.6.1
73 silly idealTree ├── form-data@1.0.0-rc3
73 silly idealTree ├── generate-function@2.0.0
73 silly idealTree ├── generate-object-property@1.2.0
73 silly idealTree ├── graceful-readlink@1.0.1
73 silly idealTree ├── har-validator@2.0.3
73 silly idealTree ├── has-ansi@2.0.0
73 silly idealTree ├── hawk@3.1.2
73 silly idealTree ├── hoek@2.16.3
73 silly idealTree ├─┬ html-select@2.3.24
73 silly idealTree │ ├── duplexer2@0.0.2
73 silly idealTree │ ├── minimist@0.0.10
73 silly idealTree │ ├── split@0.3.3
73 silly idealTree │ ├── through2@1.1.1
73 silly idealTree │ └── xtend@4.0.1
73 silly idealTree ├─┬ html-tokenize@1.2.5
73 silly idealTree │ ├── minimist@0.0.10
73 silly idealTree │ ├── readable-stream@1.0.33
73 silly idealTree │ ├── through2@0.4.2
73 silly idealTree │ └── xtend@2.1.2
73 silly idealTree ├── http-signature@1.1.0
73 silly idealTree ├── indexof@0.0.1
73 silly idealTree ├── inherits@2.0.1
73 silly idealTree ├─┬ is-my-json-valid@2.12.3
73 silly idealTree │ └── xtend@4.0.1
73 silly idealTree ├── is-property@1.0.2
73 silly idealTree ├── is-typedarray@1.0.0
73 silly idealTree ├── isarray@0.0.1
73 silly idealTree ├── isstream@0.1.2
73 silly idealTree ├── jodid25519@1.0.2
73 silly idealTree ├── jsbn@0.1.0
73 silly idealTree ├── json-schema@0.2.2
73 silly idealTree ├── json-stringify-safe@5.0.1
73 silly idealTree ├── jsonpointer@2.0.0
73 silly idealTree ├── jsprim@1.2.2
73 silly idealTree ├── mime-db@1.20.0
73 silly idealTree ├── mime-types@2.1.8
73 silly idealTree ├── nan@2.1.0
73 silly idealTree ├── node-uuid@1.4.7
73 silly idealTree ├── oauth-sign@0.8.0
73 silly idealTree ├── object-keys@0.4.0
73 silly idealTree ├── once@1.3.3
73 silly idealTree ├── options@0.0.6
73 silly idealTree ├── pinkie-promise@2.0.0
73 silly idealTree ├── pinkie@2.0.1
73 silly idealTree ├── process-nextick-args@1.0.6
73 silly idealTree ├── qs@5.2.0
73 silly idealTree ├── readable-stream@1.1.13
73 silly idealTree ├── readable-wrap@1.0.0
73 silly idealTree ├── request@2.67.0
73 silly idealTree ├── sntp@1.0.9
73 silly idealTree ├── split@1.0.0
73 silly idealTree ├─┬ sshpk@1.7.1
73 silly idealTree │ └── assert-plus@0.2.0
73 silly idealTree ├── stream-combiner@0.2.2
73 silly idealTree ├─┬ stream-splicer@1.3.2
73 silly idealTree │ ├── through2@1.1.1
73 silly idealTree │ └── xtend@4.0.1
73 silly idealTree ├── string_decoder@0.10.31
73 silly idealTree ├── stringstream@0.0.5
73 silly idealTree ├── strip-ansi@3.0.0
73 silly idealTree ├── supports-color@2.0.0
73 silly idealTree ├── through@2.3.8
73 silly idealTree ├─┬ through2-map@2.0.0
73 silly idealTree │ ├─┬ through2@2.0.0
73 silly idealTree │ │ └─┬ readable-stream@2.0.5
73 silly idealTree │ │   ├── core-util-is@1.0.2
73 silly idealTree │ │   ├── inherits@2.0.1
73 silly idealTree │ │   ├── isarray@0.0.1
73 silly idealTree │ │   ├── process-nextick-args@1.0.6
73 silly idealTree │ │   ├── string_decoder@0.10.31
73 silly idealTree │ │   └── util-deprecate@1.0.2
73 silly idealTree │ └── xtend@4.0.1
73 silly idealTree ├─┬ through2@2.0.0
73 silly idealTree │ ├── readable-stream@2.0.5
73 silly idealTree │ └── xtend@4.0.1
73 silly idealTree ├── tough-cookie@2.2.1
73 silly idealTree ├─┬ trumpet@1.7.2
73 silly idealTree │ ├── duplexer2@0.0.2
73 silly idealTree │ ├── through2@1.1.1
73 silly idealTree │ └── xtend@4.0.1
73 silly idealTree ├── tunnel-agent@0.4.2
73 silly idealTree ├── tweetnacl@0.13.2
73 silly idealTree ├── typedarray@0.0.6
73 silly idealTree ├── ultron@1.0.2
73 silly idealTree ├── util-deprecate@1.0.2
73 silly idealTree ├── verror@1.3.6
73 silly idealTree ├─┬ websocket-stream@2.3.0
73 silly idealTree │ └── xtend@4.0.1
73 silly idealTree ├── wrappy@1.0.1
73 silly idealTree ├─┬ ws@0.8.1
73 silly idealTree │ └── utf-8-validate@1.2.1
73 silly idealTree └── zlib@1.0.5
74 silly generateActionsToTake Starting
75 silly install generateActionsToTake
76 silly generateActionsToTake Finishing
77 silly diffTrees action count 1
78 silly diffTrees add zlib@1.0.5
79 silly decomposeActions action count 8
80 silly decomposeActions fetch zlib@1.0.5
81 silly decomposeActions extract zlib@1.0.5
82 silly decomposeActions preinstall zlib@1.0.5
83 silly decomposeActions build zlib@1.0.5
84 silly decomposeActions install zlib@1.0.5
85 silly decomposeActions postinstall zlib@1.0.5
86 silly decomposeActions test zlib@1.0.5
87 silly decomposeActions finalize zlib@1.0.5
88 silly executeActions Starting
89 silly install executeActions
90 silly doSerial global-install 0
91 silly doParallel fetch 1
92 verbose lock using /Users/jasminehsu/.npm/_locks/staging-bb781a95aeb4f8db.lock for /Users/jasminehsu/tutorials/nodeschool/node_modules/.staging
93 silly doParallel extract 1
94 silly extract zlib@1.0.5
95 verbose unbuild node_modules/.staging/zlib-98ec976d2d0b9aeefd7b7765cfe392b7
96 silly gentlyRm /Users/jasminehsu/tutorials/nodeschool/node_modules/.staging/zlib-98ec976d2d0b9aeefd7b7765cfe392b7 is being purged from base /Users/jasminehsu/tutorials/nodeschool
97 verbose gentlyRm don't care about contents; nuking /Users/jasminehsu/tutorials/nodeschool/node_modules/.staging/zlib-98ec976d2d0b9aeefd7b7765cfe392b7
98 verbose tar unpack /Users/jasminehsu/.npm/zlib/1.0.5/package.tgz
99 verbose tar unpacking to /Users/jasminehsu/tutorials/nodeschool/node_modules/.staging/zlib-98ec976d2d0b9aeefd7b7765cfe392b7
100 silly gentlyRm /Users/jasminehsu/tutorials/nodeschool/node_modules/.staging/zlib-98ec976d2d0b9aeefd7b7765cfe392b7 is being purged
101 verbose gentlyRm don't care about contents; nuking /Users/jasminehsu/tutorials/nodeschool/node_modules/.staging/zlib-98ec976d2d0b9aeefd7b7765cfe392b7
102 silly gunzTarPerm modes [ '755', '644' ]
103 silly gunzTarPerm extractEntry .gitignore
104 silly gunzTarPerm extractEntry configure
105 silly gunzTarPerm extractEntry index.js
106 silly gunzTarPerm extractEntry LICENSE
107 silly gunzTarPerm extractEntry Makefile
108 silly gunzTarPerm extractEntry package.json
109 silly gunzTarPerm extractEntry README.md
110 silly gunzTarPerm extractEntry wscript
111 silly gunzTarPerm extractEntry lib/zlib.js
112 silly gunzTarPerm extractEntry src/node-zlib.cc
113 silly gunzTarPerm extractEntry test/deflate.test.js
114 silly gunzTarPerm extractEntry test/inflate.test.js
115 silly doParallel preinstall 1
116 silly preinstall zlib@1.0.5 /Users/jasminehsu/tutorials/nodeschool/node_modules/.staging/zlib-98ec976d2d0b9aeefd7b7765cfe392b7
117 info lifecycle zlib@1.0.5~preinstall: zlib@1.0.5
118 verbose lifecycle zlib@1.0.5~preinstall: unsafe-perm in lifecycle true
119 verbose lifecycle zlib@1.0.5~preinstall: PATH: /usr/local/lib/node_modules/npm/bin/node-gyp-bin:/Users/jasminehsu/tutorials/nodeschool/node_modules/.staging/zlib-98ec976d2d0b9aeefd7b7765cfe392b7/node_modules/.bin:/Users/jasminehsu/tutorials/nodeschool/node_modules/.bin:/Developer/NVIDIA/CUDA-6.5/bin:/Library/Java/JavaVirtualMachines/jdk1.8.0_60.jdk/Contents/Home/:/Users/jasminehsu/torch/install/bin:/Library/Java/JavaVirtualMachines/jdk1.8.0_60.jdk/Contents/Home/jre/bin/java:/usr/local/bin:opt/local/bin:/opt/local/sbin:/usr/bin:/bin:/usr/sbin:/sbin:/opt/X11/bin:/usr/X11/bin:/usr/local/mysql/bin:/Library/Java/JavaVirtualMachines/jdk1.8.0_60.jdk/Contents/Home/jre/bin/java:/Library/Java/JavaVirtualMachines/jdk1.7.0_11.jdk/Contents/Home/bin:/Library/Java/JavaVirtualMachines/jdk1.7.0_11.jdk/Contents/MacOS:/Users/jasminehsu/.rvm/bin:/Applications/Skim.app/Contents/SharedSupport:/usr/local/smlnj/bin:/Users/jasminehsu/Development/scala/bin:/usr/local/gnat/lib/gcc/x86_64-apple-darwin10.8.0/4.5.4/include-fixed/:/Developer/NVIDIA/CUDA-6.5/bin:/Library/Java/JavaVirtualMachines/jdk1.8.0_60.jdk/Contents/Home/:/Users/jasminehsu/torch/install/bin:/Library/Java/JavaVirtualMachines/jdk1.8.0_60.jdk/Contents/Home/jre/bin/java:/usr/local/bin:opt/local/bin:/opt/local/sbin:/usr/bin:/bin:/usr/sbin:/sbin:/opt/X11/bin:/usr/X11/bin:/usr/local/mysql/bin:/Library/Java/JavaVirtualMachines/jdk1.8.0_60.jdk/Contents/Home/jre/bin/java:/Library/Java/JavaVirtualMachines/jdk1.7.0_11.jdk/Contents/Home/bin:/Library/Java/JavaVirtualMachines/jdk1.7.0_11.jdk/Contents/MacOS:/Users/jasminehsu/.rvm/bin:/Applications/Skim.app/Contents/SharedSupport:/usr/local/smlnj/bin:/Users/jasminehsu/Development/scala/bin:/usr/local/gnat/lib/gcc/x86_64-apple-darwin10.8.0/4.5.4/include-fixed/:/Developer/NVIDIA/CUDA-6.5/bin:/Library/Java/JavaVirtualMachines/jdk1.8.0_60.jdk/Contents/Home/:/Users/jasminehsu/torch/install/bin:/Library/Java/JavaVirtualMachines/jdk1.8.0_60.jdk/Contents/Home/jre/bin/java:/usr/local/bin:/usr/local/gnat/bin:/opt/local/bin:/opt/local/sbin:/usr/bin:/bin:/usr/sbin:/sbin:/opt/X11/bin:/usr/X11/bin:/usr/local/mysql/bin:/Library/Java/JavaVirtualMachines/jdk1.8.0_60.jdk/Contents/Home/jre/bin/java:/Library/Java/JavaVirtualMachines/jdk1.7.0_11.jdk/Contents/Home/bin:/Library/Java/JavaVirtualMachines/jdk1.7.0_11.jdk/Contents/MacOS:/Users/jasminehsu/.rvm/bin:/Applications/Skim.app/Contents/SharedSupport:/usr/local/smlnj/bin:/Users/jasminehsu/Development/scala/bin:/usr/local/gnat/lib/gcc/x86_64-apple-darwin10.8.0/4.5.4/include-fixed/:/Users/jasminehsu/.rvm/gems/ruby-2.2.1/bin:/Users/jasminehsu/.rvm/gems/ruby-2.2.1@global/bin:/Users/jasminehsu/.rvm/rubies/ruby-2.2.1/bin:/usr/local/bin:/usr/local/sbin:/usr/bin:/bin:/usr/sbin:/sbin:/opt/X11/bin:/usr/local/git/bin:/Library/TeX/texbin:/Users/jasminehsu/.rvm/bin:/Users/jasminehsu/Development/hadoop-1.2.1/bin:/Users/jasminehsu/Development/hadoop-1.2.1/sbin:/usr/local/lua-5.3.0/src/:/Users/jasminehsu/Development/iTorch:/Applications/Postgres.app/Contents/Versions/9.4/bin:/usr/local/mysql/bin:/Users/jasminehsu/Envs/:/Users/jasminehsu/Development/cling/bin:/Users/jasminehsu/.node/bin:/Users/jasminehsu/Development/mercurial-3.6-rc:/Users/jasminehsu/Development/hadoop-1.2.1/bin:/Users/jasminehsu/Development/hadoop-1.2.1/sbin:/usr/local/lua-5.3.0/src/:/Users/jasminehsu/Development/iTorch:/Applications/Postgres.app/Contents/Versions/9.4/bin:/usr/local/mysql/bin:/Users/jasminehsu/Envs/:/Users/jasminehsu/Development/cling/bin:/Users/jasminehsu/.node/bin:/Users/jasminehsu/Development/mercurial-3.6-rc:/Users/jasminehsu/Development/hadoop-1.2.1/bin:/Users/jasminehsu/Development/hadoop-1.2.1/sbin:/usr/local/lua-5.3.0/src/:/Users/jasminehsu/Development/iTorch:/Applications/Postgres.app/Contents/Versions/9.4/bin:/usr/local/mysql/bin:/Users/jasminehsu/Envs/:/Users/jasminehsu/Development/cling/bin:/Users/jasminehsu/.node/bin:/Users/jasminehsu/Development/mercurial-3.6-rc
120 verbose lifecycle zlib@1.0.5~preinstall: CWD: /Users/jasminehsu/tutorials/nodeschool/node_modules/.staging/zlib-98ec976d2d0b9aeefd7b7765cfe392b7
121 silly lifecycle zlib@1.0.5~preinstall: Args: [ '-c', 'node-waf clean || true; node-waf configure build' ]
122 info lifecycle zlib@1.0.5~preinstall: Failed to exec preinstall script
123 verbose unlock done using /Users/jasminehsu/.npm/_locks/staging-bb781a95aeb4f8db.lock for /Users/jasminehsu/tutorials/nodeschool/node_modules/.staging
124 silly rollbackFailedOptional Starting
125 silly rollbackFailedOptional Finishing
126 silly runTopLevelLifecycles Starting
127 silly runTopLevelLifecycles Finishing
128 silly install printInstalled
129 warn ENOENT ENOENT: no such file or directory, open '/Users/jasminehsu/tutorials/nodeschool/package.json'
130 warn EPACKAGEJSON nodeschool No description
131 warn EPACKAGEJSON nodeschool No repository field.
132 warn EPACKAGEJSON nodeschool No README data
133 warn EPACKAGEJSON nodeschool No license field.
134 verbose stack Error: zlib@1.0.5 preinstall: `node-waf clean || true; node-waf configure build`
134 verbose stack spawn ENOENT
134 verbose stack     at ChildProcess.<anonymous> (/usr/local/lib/node_modules/npm/lib/utils/spawn.js:17:16)
134 verbose stack     at emitTwo (events.js:88:13)
134 verbose stack     at ChildProcess.emit (events.js:173:7)
134 verbose stack     at maybeClose (internal/child_process.js:819:16)
134 verbose stack     at Process.ChildProcess._handle.onexit (internal/child_process.js:212:5)
135 verbose pkgid zlib@1.0.5
136 verbose cwd /Users/jasminehsu/tutorials/nodeschool/stream-adventure
137 error Darwin 15.2.0
138 error argv "/usr/local/Cellar/node/0.12.7/bin/node" "/usr/local/bin/npm" "install" "zlib"
139 error node v5.2.0
140 error npm  v3.3.12
141 error file sh
142 error code ELIFECYCLE
143 error errno ENOENT
144 error syscall spawn
145 error zlib@1.0.5 preinstall: `node-waf clean || true; node-waf configure build`
145 error spawn ENOENT
146 error Failed at the zlib@1.0.5 preinstall script 'node-waf clean || true; node-waf configure build'.
146 error Make sure you have the latest version of node.js and npm installed.
146 error If you do, this is most likely a problem with the zlib package,
146 error not with npm itself.
146 error Tell the author that this fails on your system:
146 error     node-waf clean || true; node-waf configure build
146 error You can get their info via:
146 error     npm owner ls zlib
146 error There is likely additional logging output above.
147 verbose exit [ 1, true ]
